#
# A fatal error has been detected by the Java Runtime Environment:
#
#  EXCEPTION_ACCESS_VIOLATION (0xc0000005) at pc=0x00007ff979a36532, pid=6448, tid=0x00000000000006e0
#
# JRE version: OpenJDK Runtime Environment (8.0_302-b08) (build 1.8.0_302-b08)
# Java VM: OpenJDK 64-Bit Server VM (25.302-b08 mixed mode windows-amd64 compressed oops)
# Problematic frame:
# C  [ntdll.dll+0xa6532]
#
# Failed to write core dump. Minidumps are not enabled by default on client versions of Windows
#
# If you would like to submit a bug report, please visit:
#   https://github.com/adoptium/adoptium-support/issues
# The crash happened outside the Java Virtual Machine in native code.
# See problematic frame for where to report the bug.
#

---------------  T H R E A D  ---------------

Current thread (0x0000019f4774f000):  JavaThread "LWJGL Application" [_thread_in_native, id=1760, stack(0x00000046e2600000,0x00000046e2700000)]

siginfo: ExceptionCode=0xc0000005, reading address 0xffffffffffffffff

Registers:
RAX=0x0000000000000003, RBX=0x001000ff005f4000, RCX=0x0104bfac00000100, RDX=0x0106bfcbe00be8f8
RSP=0x00000046e26fd8a8, RBP=0x0000000000000070, RSI=0x0104bfac00000118, RDI=0x0000019f48bd5830
R8 =0x0000000000000032, R9 =0x0000000000000040, R10=0x0104bfac00000118, R11=0xffffffffffffffff
R12=0x0000000000000040, R13=0x0000019f1e2b1800, R14=0x00000046e064b000, R15=0x0000019f48bd5810
RIP=0x00007ff979a36532, EFLAGS=0x0000000000010217

Top of Stack: (sp=0x00000046e26fd8a8)
0x00000046e26fd8a8:   00007ff9799bb86b 0000000000e8006f
0x00000046e26fd8b8:   00000000000000ef 0000019f483c22e0
0x00000046e26fd8c8:   0000000000000000 00000022c0f7cc60
0x00000046e26fd8d8:   0000019f2091a404 0000000200000000
0x00000046e26fd8e8:   0000019f1e2b1800 00000005c1afb858
0x00000046e26fd8f8:   0000019f1e2b0000 0000019f1e2b02bc
0x00000046e26fd908:   0000000000000000 0000000000000070
0x00000046e26fd918:   0000019f1e2b0cc0 0000000000002fb2
0x00000046e26fd928:   0000000000000000 0000000000000000
0x00000046e26fd938:   0000000000000070 0000000000000060
0x00000046e26fd948:   0000000000000080 0000019f1e3a0000
0x00000046e26fd958:   00000046e26fda19 0000000000000007
0x00000046e26fd968:   00007ff9799bb3c7 0000019f1e2b0000
0x00000046e26fd978:   0000000000000000 0000000000000060
0x00000046e26fd988:   0000019f00000000 0000000000000000
0x00000046e26fd998:   0000000000000001 000000020003fc00 

Instructions: (pc=0x00007ff979a36532)
0x00007ff979a36512:   c4 20 5d c3 cc cc 48 8d 43 ff 48 c1 e8 06 48 8d
0x00007ff979a36522:   14 c1 49 8b c2 48 c1 e8 06 4c 8d 14 c1 49 8b f2
0x00007ff979a36532:   4d 39 1a 75 13 49 8b c2 49 83 c2 08 48 3b c2 4c
0x00007ff979a36542:   0f 44 d1 4c 3b d6 75 e8 4c 3b d2 0f 85 b5 de f5 


Register to memory mapping:

RAX=0x0000000000000003 is an unknown value
RBX=0x001000ff005f4000 is an unknown value
RCX=0x0104bfac00000100 is an unknown value
RDX=0x0106bfcbe00be8f8 is an unknown value
RSP=0x00000046e26fd8a8 is pointing into the stack for thread: 0x0000019f4774f000
RBP=0x0000000000000070 is an unknown value
RSI=0x0104bfac00000118 is an unknown value
RDI=0x0000019f48bd5830 is an unknown value
R8 =0x0000000000000032 is an unknown value
R9 =0x0000000000000040 is an unknown value
R10=0x0104bfac00000118 is an unknown value
R11=0xffffffffffffffff is an unknown value
R12=0x0000000000000040 is an unknown value
R13=0x0000019f1e2b1800 is an unknown value
R14=0x00000046e064b000 is an unknown value
R15=0x0000019f48bd5810 is an unknown value


Stack: [0x00000046e2600000,0x00000046e2700000],  sp=0x00000046e26fd8a8,  free space=1014k
Native frames: (J=compiled Java code, j=interpreted, Vv=VM code, C=native code)
C  [ntdll.dll+0xa6532]
C  [ntdll.dll+0x2b86b]
C  [ntdll.dll+0x2b3c7]
C  [atio6axx.dll+0x1bf024c]
C  [atio6axx.dll+0x14324f1]
C  [atio6axx.dll+0x14334ee]
C  [atio6axx.dll+0x14330e6]
C  [atio6axx.dll+0x1421fad]
C  [atio6axx.dll+0x13a653b]
C  [atio6axx.dll+0xbd1842]
C  [atio6axx.dll+0xc25f3a]
C  [atio6axx.dll+0xb87dca]
C  [atio6axx.dll+0xb8694b]
C  [atio6axx.dll+0xcbb197]
C  [OPENGL32.dll+0x2936a]
C  0x0000019f20b1aa33

Java frames: (J=compiled Java code, j=interpreted, Vv=VM code)
J 3981  org.lwjgl.opengl.GL11.nglDrawElements(IIIJJ)V (0 bytes) @ 0x0000019f20b1a996 [0x0000019f20b1a940+0x56]
J 3943 C1 org.lwjgl.opengl.GL11.glDrawElements(ILjava/nio/ShortBuffer;)V (38 bytes) @ 0x0000019f20afc21c [0x0000019f20afb900+0x91c]
J 3971 C1 com.badlogic.gdx.backends.lwjgl.LwjglGL20.glDrawElements(IIILjava/nio/Buffer;)V (124 bytes) @ 0x0000019f20b1dbec [0x0000019f20b1ce60+0xd8c]
J 3933 C1 com.badlogic.gdx.graphics.Mesh.render(Lcom/badlogic/gdx/graphics/glutils/ShaderProgram;IIIZ)V (257 bytes) @ 0x0000019f20af281c [0x0000019f20af2140+0x6dc]
J 3845 C1 com.badlogic.gdx.graphics.g2d.SpriteBatch.flush()V (193 bytes) @ 0x0000019f20a74004 [0x0000019f20a72620+0x19e4]
J 3891 C1 com.badlogic.gdx.graphics.g2d.SpriteBatch.draw(Lcom/badlogic/gdx/graphics/Texture;FFFF)V (279 bytes) @ 0x0000019f20a983c4 [0x0000019f20a98160+0x264]
J 3890 C1 org.uqbar.project.wollok.game.gameboard.Window.doDraw(Lcom/badlogic/gdx/graphics/Texture;Lorg/uqbar/project/wollok/game/Position;Lorg/uqbar/project/wollok/game/ImageSize;)V (41 bytes) @ 0x0000019f20a9a06c [0x0000019f20a99640+0xa2c]
J 3973 C1 org.uqbar.project.wollok.game.VisualComponent$3.apply(Lorg/uqbar/project/wollok/game/gameboard/Window;)V (33 bytes) @ 0x0000019f20b1662c [0x0000019f20b16180+0x4ac]
J 3910 C1 org.uqbar.project.wollok.game.gameboard.Gameboard$1.accept(Ljava/lang/Object;)V (9 bytes) @ 0x0000019f20aa4d1c [0x0000019f20aa4900+0x41c]
J 3790 C2 java.util.ArrayList.forEach(Ljava/util/function/Consumer;)V (75 bytes) @ 0x0000019f20a38590 [0x0000019f20a384e0+0xb0]
j  org.uqbar.project.wollok.game.gameboard.Gameboard.draw(Lorg/uqbar/project/wollok/game/gameboard/Window;)V+29
j  org.uqbar.project.wollok.game.gameboard.GameboardRendering.render()V+15
j  com.badlogic.gdx.backends.lwjgl.LwjglApplication.mainLoop()V+698
j  com.badlogic.gdx.backends.lwjgl.LwjglApplication$1.run()V+27
v  ~StubRoutines::call_stub

---------------  P R O C E S S  ---------------

Java Threads: ( => current thread )
  0x0000019f49187000 JavaThread "LWJGL Timer" daemon [_thread_blocked, id=7672, stack(0x00000046e2800000,0x00000046e2900000)]
=>0x0000019f4774f000 JavaThread "LWJGL Application" [_thread_in_native, id=1760, stack(0x00000046e2600000,0x00000046e2700000)]
  0x0000019f45a52800 JavaThread "com.google.inject.internal.util.$Finalizer" daemon [_thread_blocked, id=12824, stack(0x00000046e2300000,0x00000046e2400000)]
  0x0000019f4583a000 JavaThread "EMF Reference Cleaner" daemon [_thread_blocked, id=1620, stack(0x00000046e2200000,0x00000046e2300000)]
  0x0000019f44ba5000 JavaThread "Service Thread" daemon [_thread_blocked, id=4748, stack(0x00000046e2000000,0x00000046e2100000)]
  0x0000019f426d3800 JavaThread "C1 CompilerThread3" daemon [_thread_blocked, id=9788, stack(0x00000046e1f00000,0x00000046e2000000)]
  0x0000019f426d7800 JavaThread "C2 CompilerThread2" daemon [_thread_blocked, id=9440, stack(0x00000046e1e00000,0x00000046e1f00000)]
  0x0000019f426cb800 JavaThread "C2 CompilerThread1" daemon [_thread_blocked, id=11600, stack(0x00000046e1d00000,0x00000046e1e00000)]
  0x0000019f426d1800 JavaThread "C2 CompilerThread0" daemon [_thread_blocked, id=2840, stack(0x00000046e1c00000,0x00000046e1d00000)]
  0x0000019f426c6800 JavaThread "Attach Listener" daemon [_thread_blocked, id=4008, stack(0x00000046e1b00000,0x00000046e1c00000)]
  0x0000019f426bf800 JavaThread "Signal Dispatcher" daemon [_thread_blocked, id=8692, stack(0x00000046e1a00000,0x00000046e1b00000)]
  0x0000019f42694000 JavaThread "Finalizer" daemon [_thread_blocked, id=10248, stack(0x00000046e1900000,0x00000046e1a00000)]
  0x0000019f4268c000 JavaThread "Reference Handler" daemon [_thread_blocked, id=1380, stack(0x00000046e1800000,0x00000046e1900000)]
  0x0000019f1e3ec000 JavaThread "main" [_thread_blocked, id=5384, stack(0x00000046e0c00000,0x00000046e0d00000)]

Other Threads:
  0x0000019f42664000 VMThread [stack: 0x00000046e1700000,0x00000046e1800000] [id=10916]
  0x0000019f44baa000 WatcherThread [stack: 0x00000046e2100000,0x00000046e2200000] [id=4780]

VM state:not at safepoint (normal execution)

VM Mutex/Monitor currently owned by a thread: None

heap address: 0x00000005c0c00000, size: 8180 MB, Compressed Oops mode: Zero based, Oop shift amount: 3
Narrow klass base: 0x0000000000000000, Narrow klass shift: 3
Compressed class space size: 1073741824 Address: 0x00000007c0000000

Heap:
 PSYoungGen      total 284672K, used 239809K [0x0000000715980000, 0x0000000728480000, 0x00000007c0000000)
  eden space 263168K, 91% used [0x0000000715980000,0x00000007243b0790,0x0000000725a80000)
  from space 21504K, 0% used [0x0000000726f80000,0x0000000726f80000,0x0000000728480000)
  to   space 21504K, 0% used [0x0000000725a80000,0x0000000725a80000,0x0000000726f80000)
 ParOldGen       total 238592K, used 20701K [0x00000005c0c00000, 0x00000005cf500000, 0x0000000715980000)
  object space 238592K, 8% used [0x00000005c0c00000,0x00000005c2037740,0x00000005cf500000)
 Metaspace       used 23865K, capacity 24187K, committed 24576K, reserved 1071104K
  class space    used 2843K, capacity 2960K, committed 3072K, reserved 1048576K

Card table byte_map: [0x0000019f2f190000,0x0000019f30190000] byte_map_base: 0x0000019f2c38a000

Marking Bits: (ParMarkBitMap*) 0x000000006191c820
 Begin Bits: [0x0000019f30c40000, 0x0000019f38c10000)
 End Bits:   [0x0000019f38c10000, 0x0000019f40be0000)

Polling page: 0x0000019f1e4e0000

CodeCache: size=245760Kb used=14761Kb max_used=14790Kb free=230998Kb
 bounds [0x0000019f1fdd0000, 0x0000019f20c60000, 0x0000019f2edd0000]
 total_blobs=4865 nmethods=4275 adapters=501
 compilation: enabled

Compilation events (10 events):
Event: 6.557 Thread 0x0000019f426d3800 4296       3       org.lwjgl.opengl.GL11::glDisable (19 bytes)
Event: 6.557 Thread 0x0000019f426d3800 nmethod 4296 0x0000019f20c31cd0 code [0x0000019f20c31ea0, 0x0000019f20c325c0]
Event: 6.589 Thread 0x0000019f426d1800 4297       4       java.nio.Buffer::remaining (20 bytes)
Event: 6.589 Thread 0x0000019f426d1800 nmethod 4297 0x0000019f20a65410 code [0x0000019f20a65540, 0x0000019f20a655b8]
Event: 6.657 Thread 0x0000019f426d3800 4298       3       org.uqbar.project.wollok.game.gameboard.Window::drawNotFoundImage (51 bytes)
Event: 6.657 Thread 0x0000019f426d3800 nmethod 4298 0x0000019f20c30c10 code [0x0000019f20c30e20, 0x0000019f20c317a0]
Event: 6.940 Thread 0x0000019f426d7800 4299       4       org.uqbar.project.wollok.model.WMethodContainerExtensions::superClassesIncludingYourselfTopDownDo (47 bytes)
Event: 6.940 Thread 0x0000019f426d1800 4300       4       org.uqbar.project.wollok.interpreter.WollokInterpreterEvaluator$9::apply (9 bytes)
Event: 6.970 Thread 0x0000019f426d1800 nmethod 4300 0x0000019f20c3a990 code [0x0000019f20c3acc0, 0x0000019f20c3cf80]
Event: 7.009 Thread 0x0000019f426d7800 nmethod 4299 0x0000019f20c46790 code [0x0000019f20c46d40, 0x0000019f20c4b178]

GC Heap History (6 events):
Event: 0.853 GC heap before
{Heap before GC invocations=1 (full 0):
 PSYoungGen      total 153088K, used 131584K [0x0000000715980000, 0x0000000720400000, 0x00000007c0000000)
  eden space 131584K, 100% used [0x0000000715980000,0x000000071da00000,0x000000071da00000)
  from space 21504K, 0% used [0x000000071ef00000,0x000000071ef00000,0x0000000720400000)
  to   space 21504K, 0% used [0x000000071da00000,0x000000071da00000,0x000000071ef00000)
 ParOldGen       total 349696K, used 0K [0x00000005c0c00000, 0x00000005d6180000, 0x0000000715980000)
  object space 349696K, 0% used [0x00000005c0c00000,0x00000005c0c00000,0x00000005d6180000)
 Metaspace       used 15472K, capacity 15658K, committed 15872K, reserved 1062912K
  class space    used 1998K, capacity 2047K, committed 2048K, reserved 1048576K
Event: 0.863 GC heap after
Heap after GC invocations=1 (full 0):
 PSYoungGen      total 153088K, used 21491K [0x0000000715980000, 0x0000000728480000, 0x00000007c0000000)
  eden space 131584K, 0% used [0x0000000715980000,0x0000000715980000,0x000000071da00000)
  from space 21504K, 99% used [0x000000071da00000,0x000000071eefcf10,0x000000071ef00000)
  to   space 21504K, 0% used [0x0000000726f80000,0x0000000726f80000,0x0000000728480000)
 ParOldGen       total 349696K, used 3438K [0x00000005c0c00000, 0x00000005d6180000, 0x0000000715980000)
  object space 349696K, 0% used [0x00000005c0c00000,0x00000005c0f5bbf8,0x00000005d6180000)
 Metaspace       used 15472K, capacity 15658K, committed 15872K, reserved 1062912K
  class space    used 1998K, capacity 2047K, committed 2048K, reserved 1048576K
}
Event: 1.393 GC heap before
{Heap before GC invocations=2 (full 0):
 PSYoungGen      total 153088K, used 82721K [0x0000000715980000, 0x0000000728480000, 0x00000007c0000000)
  eden space 131584K, 46% used [0x0000000715980000,0x000000071954b688,0x000000071da00000)
  from space 21504K, 99% used [0x000000071da00000,0x000000071eefcf10,0x000000071ef00000)
  to   space 21504K, 0% used [0x0000000726f80000,0x0000000726f80000,0x0000000728480000)
 ParOldGen       total 349696K, used 3438K [0x00000005c0c00000, 0x00000005d6180000, 0x0000000715980000)
  object space 349696K, 0% used [0x00000005c0c00000,0x00000005c0f5bbf8,0x00000005d6180000)
 Metaspace       used 20860K, capacity 21098K, committed 21248K, reserved 1067008K
  class space    used 2634K, capacity 2723K, committed 2816K, reserved 1048576K
Event: 1.401 GC heap after
Heap after GC invocations=2 (full 0):
 PSYoungGen      total 284672K, used 21120K [0x0000000715980000, 0x0000000728480000, 0x00000007c0000000)
  eden space 263168K, 0% used [0x0000000715980000,0x0000000715980000,0x0000000725a80000)
  from space 21504K, 98% used [0x0000000726f80000,0x0000000728420318,0x0000000728480000)
  to   space 21504K, 0% used [0x0000000725a80000,0x0000000725a80000,0x0000000726f80000)
 ParOldGen       total 349696K, used 3462K [0x00000005c0c00000, 0x00000005d6180000, 0x0000000715980000)
  object space 349696K, 0% used [0x00000005c0c00000,0x00000005c0f61bf8,0x00000005d6180000)
 Metaspace       used 20860K, capacity 21098K, committed 21248K, reserved 1067008K
  class space    used 2634K, capacity 2723K, committed 2816K, reserved 1048576K
}
Event: 1.401 GC heap before
{Heap before GC invocations=3 (full 1):
 PSYoungGen      total 284672K, used 21120K [0x0000000715980000, 0x0000000728480000, 0x00000007c0000000)
  eden space 263168K, 0% used [0x0000000715980000,0x0000000715980000,0x0000000725a80000)
  from space 21504K, 98% used [0x0000000726f80000,0x0000000728420318,0x0000000728480000)
  to   space 21504K, 0% used [0x0000000725a80000,0x0000000725a80000,0x0000000726f80000)
 ParOldGen       total 349696K, used 3462K [0x00000005c0c00000, 0x00000005d6180000, 0x0000000715980000)
  object space 349696K, 0% used [0x00000005c0c00000,0x00000005c0f61bf8,0x00000005d6180000)
 Metaspace       used 20860K, capacity 21098K, committed 21248K, reserved 1067008K
  class space    used 2634K, capacity 2723K, committed 2816K, reserved 1048576K
Event: 1.431 GC heap after
Heap after GC invocations=3 (full 1):
 PSYoungGen      total 284672K, used 0K [0x0000000715980000, 0x0000000728480000, 0x00000007c0000000)
  eden space 263168K, 0% used [0x0000000715980000,0x0000000715980000,0x0000000725a80000)
  from space 21504K, 0% used [0x0000000726f80000,0x0000000726f80000,0x0000000728480000)
  to   space 21504K, 0% used [0x0000000725a80000,0x0000000725a80000,0x0000000726f80000)
 ParOldGen       total 238592K, used 20701K [0x00000005c0c00000, 0x00000005cf500000, 0x0000000715980000)
  object space 238592K, 8% used [0x00000005c0c00000,0x00000005c2037740,0x00000005cf500000)
 Metaspace       used 20860K, capacity 21098K, committed 21248K, reserved 1067008K
  class space    used 2634K, capacity 2723K, committed 2816K, reserved 1048576K
}

Deoptimization events (10 events):
Event: 1.193 Thread 0x0000019f1e3ec000 Uncommon trap: reason=unstable_if action=reinterpret pc=0x0000019f1ff80f9c method=java.lang.ThreadLocal$ThreadLocalMap.getEntry(Ljava/lang/ThreadLocal;)Ljava/lang/ThreadLocal$ThreadLocalMap$Entry; @ 29
Event: 1.207 Thread 0x0000019f1e3ec000 Uncommon trap: reason=unstable_if action=reinterpret pc=0x0000019f20310024 method=java.util.concurrent.ConcurrentHashMap.putVal(Ljava/lang/Object;Ljava/lang/Object;Z)Ljava/lang/Object; @ 181
Event: 1.227 Thread 0x0000019f1e3ec000 Uncommon trap: reason=unstable_if action=reinterpret pc=0x0000019f201683a0 method=java.lang.ref.SoftReference.get()Ljava/lang/Object; @ 17
Event: 1.384 Thread 0x0000019f1e3ec000 Uncommon trap: reason=unstable_if action=reinterpret pc=0x0000019f201057c4 method=java.io.WinNTFileSystem.normalize(Ljava/lang/String;)Ljava/lang/String; @ 49
Event: 1.729 Thread 0x0000019f4774f000 Uncommon trap: reason=null_check action=make_not_entrant pc=0x0000019f20162854 method=java.lang.StringCoding.deref(Ljava/lang/ThreadLocal;)Ljava/lang/Object; @ 4
Event: 1.819 Thread 0x0000019f4774f000 Uncommon trap: reason=unstable_if action=reinterpret pc=0x0000019f1ff5361c method=java.lang.Integer.parseInt(Ljava/lang/String;I)I @ 122
Event: 2.282 Thread 0x0000019f4774f000 Uncommon trap: reason=bimorphic action=maybe_recompile pc=0x0000019f2098c9d8 method=com.google.common.collect.Iterators.addAll(Ljava/util/Collection;Ljava/util/Iterator;)Z @ 13
Event: 2.862 Thread 0x0000019f4774f000 Uncommon trap: reason=bimorphic action=maybe_recompile pc=0x0000019f2098c9d8 method=com.google.common.collect.Iterators.addAll(Ljava/util/Collection;Ljava/util/Iterator;)Z @ 13
Event: 3.429 Thread 0x0000019f4774f000 Uncommon trap: reason=bimorphic action=maybe_recompile pc=0x0000019f2098c9d8 method=com.google.common.collect.Iterators.addAll(Ljava/util/Collection;Ljava/util/Iterator;)Z @ 13
Event: 3.744 Thread 0x0000019f4774f000 Uncommon trap: reason=bimorphic action=maybe_recompile pc=0x0000019f2098c9d8 method=com.google.common.collect.Iterators.addAll(Ljava/util/Collection;Ljava/util/Iterator;)Z @ 13

Classes redefined (0 events):
No events

Internal exceptions (10 events):
Event: 1.261 Thread 0x0000019f1e3ec000 Exception <a 'java/lang/reflect/InvocationTargetException'> (0x00000007180a3b70) thrown at [J:\jenkins\tmp\workspace\build\src\hotspot\src\share\vm\runtime\reflection.cpp, line 1092]
Event: 1.261 Thread 0x0000019f1e3ec000 Exception <a 'java/lang/reflect/InvocationTargetException'> (0x00000007180bff98) thrown at [J:\jenkins\tmp\workspace\build\src\hotspot\src\share\vm\runtime\reflection.cpp, line 1092]
Event: 1.262 Thread 0x0000019f1e3ec000 Exception <a 'java/lang/reflect/InvocationTargetException'> (0x00000007180fcae0) thrown at [J:\jenkins\tmp\workspace\build\src\hotspot\src\share\vm\runtime\reflection.cpp, line 1092]
Event: 1.519 Thread 0x0000019f1e3ec000 Exception <a 'java/security/PrivilegedActionException'> (0x0000000715b0d118) thrown at [J:\jenkins\tmp\workspace\build\src\hotspot\src\share\vm\prims\jvm.cpp, line 1523]
Event: 1.519 Thread 0x0000019f1e3ec000 Exception <a 'java/security/PrivilegedActionException'> (0x0000000715b0e648) thrown at [J:\jenkins\tmp\workspace\build\src\hotspot\src\share\vm\prims\jvm.cpp, line 1523]
Event: 1.519 Thread 0x0000019f1e3ec000 Exception <a 'java/security/PrivilegedActionException'> (0x0000000715b0fa78) thrown at [J:\jenkins\tmp\workspace\build\src\hotspot\src\share\vm\prims\jvm.cpp, line 1523]
Event: 1.519 Thread 0x0000019f1e3ec000 Exception <a 'java/security/PrivilegedActionException'> (0x0000000715b11138) thrown at [J:\jenkins\tmp\workspace\build\src\hotspot\src\share\vm\prims\jvm.cpp, line 1523]
Event: 1.519 Thread 0x0000019f1e3ec000 Exception <a 'java/security/PrivilegedActionException'> (0x0000000715b12530) thrown at [J:\jenkins\tmp\workspace\build\src\hotspot\src\share\vm\prims\jvm.cpp, line 1523]
Event: 1.519 Thread 0x0000019f1e3ec000 Exception <a 'java/security/PrivilegedActionException'> (0x0000000715b138f8) thrown at [J:\jenkins\tmp\workspace\build\src\hotspot\src\share\vm\prims\jvm.cpp, line 1523]
Event: 1.729 Thread 0x0000019f4774f000 Implicit null exception at 0x0000019f20161fcb to 0x0000019f20162839

Events (10 events):
Event: 3.790 Thread 0x0000019f426d3800 flushing nmethod 0x0000019f1fee8b50
Event: 3.790 Thread 0x0000019f426d3800 flushing nmethod 0x0000019f1fee9550
Event: 3.790 Thread 0x0000019f426d3800 flushing nmethod 0x0000019f1fefc490
Event: 3.790 Thread 0x0000019f426d3800 flushing nmethod 0x0000019f1fefc890
Event: 3.790 Thread 0x0000019f426d3800 flushing nmethod 0x0000019f1ff01610
Event: 3.790 Thread 0x0000019f426d3800 flushing nmethod 0x0000019f1ff04a10
Event: 3.790 Thread 0x0000019f426d3800 flushing nmethod 0x0000019f1ff104d0
Event: 3.790 Thread 0x0000019f426d3800 flushing nmethod 0x0000019f1ff112d0
Event: 4.072 Executing VM operation: EnableBiasedLocking
Event: 4.072 Executing VM operation: EnableBiasedLocking done


Dynamic libraries:
0x00007ff766ee0000 - 0x00007ff766f1a000 	C:\Program Files\Eclipse Foundation\jdk-8.0.302.8-hotspot\bin\javaw.exe
0x00007ff979990000 - 0x00007ff979b85000 	C:\WINDOWS\SYSTEM32\ntdll.dll
0x00007ff977e80000 - 0x00007ff977f3e000 	C:\WINDOWS\System32\KERNEL32.DLL
0x00007ff9773d0000 - 0x00007ff977699000 	C:\WINDOWS\System32\KERNELBASE.dll
0x00007ff9786e0000 - 0x00007ff97878c000 	C:\WINDOWS\System32\ADVAPI32.dll
0x00007ff9788c0000 - 0x00007ff97895e000 	C:\WINDOWS\System32\msvcrt.dll
0x00007ff978b10000 - 0x00007ff978bab000 	C:\WINDOWS\System32\sechost.dll
0x00007ff977a70000 - 0x00007ff977b9a000 	C:\WINDOWS\System32\RPCRT4.dll
0x00007ff978110000 - 0x00007ff9782b1000 	C:\WINDOWS\System32\USER32.dll
0x00007ff977250000 - 0x00007ff977272000 	C:\WINDOWS\System32\win32u.dll
0x00007ff978680000 - 0x00007ff9786ab000 	C:\WINDOWS\System32\GDI32.dll
0x00007ff977140000 - 0x00007ff97724b000 	C:\WINDOWS\System32\gdi32full.dll
0x00007ff977280000 - 0x00007ff97731d000 	C:\WINDOWS\System32\msvcp_win.dll
0x00007ff977730000 - 0x00007ff977830000 	C:\WINDOWS\System32\ucrtbase.dll
0x00007ff9608b0000 - 0x00007ff960b4a000 	C:\WINDOWS\WinSxS\amd64_microsoft.windows.common-controls_6595b64144ccf1df_6.0.19041.1110_none_60b5254171f9507e\COMCTL32.dll
0x00007ff9786b0000 - 0x00007ff9786e0000 	C:\WINDOWS\System32\IMM32.DLL
0x00007ff959820000 - 0x00007ff95990f000 	C:\Program Files\Eclipse Foundation\jdk-8.0.302.8-hotspot\jre\bin\msvcr120.dll
0x00007ff952700000 - 0x00007ff9527a6000 	C:\Program Files\Eclipse Foundation\jdk-8.0.302.8-hotspot\jre\bin\msvcp120.dll
0x0000000061130000 - 0x000000006199b000 	C:\Program Files\Eclipse Foundation\jdk-8.0.302.8-hotspot\jre\bin\server\jvm.dll
0x00007ff978bb0000 - 0x00007ff978bb8000 	C:\WINDOWS\System32\PSAPI.DLL
0x00007ff95acb0000 - 0x00007ff95acb9000 	C:\WINDOWS\SYSTEM32\WSOCK32.dll
0x00007ff96e630000 - 0x00007ff96e657000 	C:\WINDOWS\SYSTEM32\WINMM.dll
0x00007ff96e660000 - 0x00007ff96e66a000 	C:\WINDOWS\SYSTEM32\VERSION.dll
0x00007ff978090000 - 0x00007ff9780fb000 	C:\WINDOWS\System32\WS2_32.dll
0x00007ff959d60000 - 0x00007ff959d6f000 	C:\Program Files\Eclipse Foundation\jdk-8.0.302.8-hotspot\jre\bin\verify.dll
0x00007ff94e3f0000 - 0x00007ff94e419000 	C:\Program Files\Eclipse Foundation\jdk-8.0.302.8-hotspot\jre\bin\java.dll
0x00007ff950880000 - 0x00007ff950896000 	C:\Program Files\Eclipse Foundation\jdk-8.0.302.8-hotspot\jre\bin\zip.dll
0x00007ff979160000 - 0x00007ff97989f000 	C:\WINDOWS\System32\SHELL32.dll
0x00007ff9751d0000 - 0x00007ff975960000 	C:\WINDOWS\SYSTEM32\windows.storage.dll
0x00007ff978320000 - 0x00007ff978675000 	C:\WINDOWS\System32\combase.dll
0x00007ff976a90000 - 0x00007ff976abc000 	C:\WINDOWS\SYSTEM32\Wldp.dll
0x00007ff9798a0000 - 0x00007ff97994e000 	C:\WINDOWS\System32\SHCORE.dll
0x00007ff9782c0000 - 0x00007ff978315000 	C:\WINDOWS\System32\shlwapi.dll
0x00007ff976ff0000 - 0x00007ff97700f000 	C:\WINDOWS\SYSTEM32\profapi.dll
0x0000000065580000 - 0x0000000065616000 	C:\Users\Loki\AppData\Local\Temp\libgdxLoki\12dfaa03\gdx64.dll
0x00007ff9769e0000 - 0x00007ff9769f8000 	C:\WINDOWS\SYSTEM32\CRYPTSP.dll
0x00007ff976110000 - 0x00007ff976144000 	C:\WINDOWS\system32\rsaenh.dll
0x00007ff9770b0000 - 0x00007ff9770d7000 	C:\WINDOWS\System32\bcrypt.dll
0x00007ff976fb0000 - 0x00007ff976fde000 	C:\WINDOWS\SYSTEM32\USERENV.dll
0x00007ff9776a0000 - 0x00007ff977723000 	C:\WINDOWS\System32\bcryptprimitives.dll
0x00007ff976a00000 - 0x00007ff976a0c000 	C:\WINDOWS\SYSTEM32\CRYPTBASE.dll
0x00007ff94f9e0000 - 0x00007ff94f9fa000 	C:\Program Files\Eclipse Foundation\jdk-8.0.302.8-hotspot\jre\bin\net.dll
0x00007ff976790000 - 0x00007ff9767fa000 	C:\WINDOWS\system32\mswsock.dll
0x00007ff976480000 - 0x00007ff9764bb000 	C:\WINDOWS\SYSTEM32\IPHLPAPI.DLL
0x00007ff977e70000 - 0x00007ff977e78000 	C:\WINDOWS\System32\NSI.dll
0x00007ff96fcf0000 - 0x00007ff96fd07000 	C:\WINDOWS\SYSTEM32\dhcpcsvc6.DLL
0x00007ff96fd30000 - 0x00007ff96fd4d000 	C:\WINDOWS\SYSTEM32\dhcpcsvc.DLL
0x00007ff9764c0000 - 0x00007ff97658c000 	C:\WINDOWS\SYSTEM32\DNSAPI.dll
0x00007ff93cbf0000 - 0x00007ff93cc02000 	C:\Program Files\Eclipse Foundation\jdk-8.0.302.8-hotspot\jre\bin\nio.dll
0x0000000180000000 - 0x0000000180053000 	C:\Users\Loki\AppData\Local\Temp\libgdxLoki\dc0f0009\lwjgl64.dll
0x00007ff93d390000 - 0x00007ff93d4b5000 	C:\WINDOWS\SYSTEM32\OPENGL32.dll
0x00007ff93cac0000 - 0x00007ff93caec000 	C:\WINDOWS\SYSTEM32\GLU32.dll
0x0000019f497a0000 - 0x0000019f49804000 	C:\Users\Loki\AppData\Local\Temp\libgdxLoki\dc0f0009\OpenAL64.dll
0x00007ff977f60000 - 0x00007ff97808a000 	C:\WINDOWS\System32\ole32.dll
0x00007ff974fd0000 - 0x00007ff974fe2000 	C:\WINDOWS\SYSTEM32\kernel.appcore.dll
0x00007ff974b10000 - 0x00007ff974bae000 	C:\WINDOWS\system32\uxtheme.dll
0x00007ff977c80000 - 0x00007ff977d29000 	C:\WINDOWS\System32\clbcatq.dll
0x00007ff952660000 - 0x00007ff9526fc000 	C:\WINDOWS\SYSTEM32\dsound.dll
0x00007ff95ac80000 - 0x00007ff95aca6000 	C:\WINDOWS\SYSTEM32\winmmbase.dll
0x00007ff976c40000 - 0x00007ff976c8b000 	C:\WINDOWS\SYSTEM32\powrprof.dll
0x00007ff976c20000 - 0x00007ff976c32000 	C:\WINDOWS\SYSTEM32\UMPDC.dll
0x00007ff9709e0000 - 0x00007ff970a65000 	C:\WINDOWS\System32\MMDevApi.dll
0x00007ff976e50000 - 0x00007ff976e84000 	C:\WINDOWS\System32\DEVOBJ.dll
0x00007ff977830000 - 0x00007ff97787e000 	C:\WINDOWS\System32\cfgmgr32.dll
0x00007ff970ac0000 - 0x00007ff970c41000 	C:\WINDOWS\SYSTEM32\AUDIOSES.DLL
0x00007ff978790000 - 0x00007ff97885d000 	C:\WINDOWS\System32\OLEAUT32.dll
0x00007ff974bf0000 - 0x00007ff974c04000 	C:\WINDOWS\SYSTEM32\resourcepolicyclient.dll
0x00007ff970120000 - 0x00007ff9701ce000 	C:\WINDOWS\SYSTEM32\mscms.dll
0x00007ff970040000 - 0x00007ff970051000 	C:\WINDOWS\SYSTEM32\ColorAdapterClient.dll
0x00007ff95c2d0000 - 0x00007ff95c314000 	C:\Windows\System32\Windows.Internal.Graphics.Display.DisplayColorManagement.dll
0x00007ff978bc0000 - 0x00007ff978cd5000 	C:\WINDOWS\System32\MSCTF.dll
0x00007ff9715c0000 - 0x00007ff9716b9000 	C:\Windows\System32\AppXDeploymentClient.dll
0x00007ff93c790000 - 0x00007ff93c7bc000 	C:\WINDOWS\System32\DriverStore\FileRepository\u0371814.inf_amd64_839416aaebad6c82\B371818\atig6pxx.dll
0x00007ff9306b0000 - 0x00007ff9334f3000 	C:\WINDOWS\System32\DriverStore\FileRepository\u0371814.inf_amd64_839416aaebad6c82\B371818\atio6axx.dll
0x00007ff978ce0000 - 0x00007ff979152000 	C:\WINDOWS\System32\SETUPAPI.dll
0x00007ff9466a0000 - 0x00007ff9466c4000 	C:\WINDOWS\SYSTEM32\dxva2.dll
0x00007ff974ce0000 - 0x00007ff974d0f000 	C:\WINDOWS\SYSTEM32\dwmapi.dll
0x00007ff930670000 - 0x00007ff9306af000 	C:\WINDOWS\System32\DriverStore\FileRepository\u0371814.inf_amd64_839416aaebad6c82\B371818\atig6txx.dll
0x00007ff93cd00000 - 0x00007ff93cecc000 	C:\WINDOWS\SYSTEM32\atiadlxx.dll
0x00007ff972b30000 - 0x00007ff972c26000 	C:\WINDOWS\SYSTEM32\PROPSYS.dll
0x00007ff95f140000 - 0x00007ff95f189000 	C:\WINDOWS\SYSTEM32\pdh.dll
0x00007ff9770e0000 - 0x00007ff977140000 	C:\WINDOWS\System32\WINTRUST.dll
0x00007ff977880000 - 0x00007ff9779d6000 	C:\WINDOWS\System32\CRYPT32.dll
0x00007ff976c90000 - 0x00007ff976ca2000 	C:\WINDOWS\SYSTEM32\MSASN1.dll
0x00007ff96efd0000 - 0x00007ff96f00b000 	C:\WINDOWS\SYSTEM32\dxcore.dll
0x00007ff969d00000 - 0x00007ff969df9000 	C:\WINDOWS\SYSTEM32\textinputframework.dll
0x00007ff973f40000 - 0x00007ff97429e000 	C:\WINDOWS\System32\CoreUIComponents.dll
0x00007ff974620000 - 0x00007ff974712000 	C:\WINDOWS\System32\CoreMessaging.dll
0x00007ff975da0000 - 0x00007ff975dd3000 	C:\WINDOWS\SYSTEM32\ntmarta.dll
0x00007ff972f60000 - 0x00007ff9730b4000 	C:\WINDOWS\SYSTEM32\wintypes.dll
0x00007ff9597d0000 - 0x00007ff959813000 	C:\WINDOWS\SYSTEM32\icm32.dll
0x00007ff96fe50000 - 0x00007ff970034000 	C:\WINDOWS\SYSTEM32\dbghelp.dll

VM Arguments:
jvm_args: -Duser.language=es_AR -Dfile.encoding=UTF-8 
java_command: org.uqbar.project.wollok.launch.WollokLauncher -requestsPort 0 -eventsPort 0 -folder -dontValidate -wf src/juego.wpgm -darkMode
java_class_path (initial): C:\Users\Loki\git\2021-wgame-grupo-3\bin;C:\Users\Loki\Desktop\wollok-win32.win32.x86_64\plugins\com.ibm.icu_64.2.0.v20190507-1337.jar;C:\Users\Loki\Desktop\wollok-win32.win32.x86_64\plugins\org.eclipse.xtext_2.20.0.v20191202-0915.jar;C:\Users\Loki\Desktop\wollok-win32.win32.x86_64\plugins\org.eclipse.emf.ecore.xmi_2.16.0.v20190528-0725.jar;C:\Users\Loki\Desktop\wollok-win32.win32.x86_64\plugins\org.eclipse.emf.ecore_2.20.0.v20190920-0401.jar;C:\Users\Loki\Desktop\wollok-win32.win32.x86_64\plugins\org.eclipse.emf.common_2.17.0.v20190920-0401.jar;C:\Users\Loki\Desktop\wollok-win32.win32.x86_64\plugins\org.antlr.runtime_3.2.0.v201101311130.jar;C:\Users\Loki\Desktop\wollok-win32.win32.x86_64\plugins\com.google.inject_3.0.0.v201605172100.jar;C:\Users\Loki\Desktop\wollok-win32.win32.x86_64\plugins\org.eclipse.emf.mwe.core_1.5.1.v20191121-1148.jar;C:\Users\Loki\Desktop\wollok-win32.win32.x86_64\plugins\org.apache.commons.cli_1.2.0.v201404270220.jar;C:\Users\Loki\Desktop\wollok-win32.win32.x86_64\plugins\org.eclipse.emf.mwe2.runtime_2.11.1.v20191121-1148.jar;C:\Users\Loki\Desktop\wollok-win32.win32.x86_64\plugins\org.eclipse.emf.mwe.utils_1.5.1.v20191121-1148.jar;C:\Users\Loki\Desktop\wollok-win32.win32.x86_64\plugins\org.eclipse.xtext.util_2.20.0.v20191202-0915.jar;C:\Users\Loki\Desktop\wollok-win32.win32.x86_64\plugins\com.google.guava_27.1.0.v20190517-1946.jar;C:\Users\Loki\Desktop\wollok-win32.win32.x86_64\plugins\javax.inject_1.0.0.v20091030.jar;C:\Users\Loki\Desktop\wollok-win32.win32.x86_64\plugins\org.eclipse.xtext.generator_2.20.0.v20191202-0933.jar;C:\Users\Loki\Desktop\wollok-win32.win32.x86_64\plugins\org.eclipse.xtext.xtext.generator_2.20.0.v20191202-0915.jar;C:\Users\Loki\Desktop\wollok-win32.win32.x86_64\plugins\org.eclipse.xtext.xbase.lib_2.20.0.v20191202-0907.jar;C:\Users\Loki\Desktop\wollok-win32.win32.x86_64\plugins\org.eclipse.emf.codegen.ecore_2.20.0.v20191012-0918.jar;C:\Users\Loki\Desktop\wollok-win32.win32.x86_64\plugins
Launcher Type: SUN_STANDARD

Environment Variables:
JAVA_HOME=C:\Program Files\Eclipse Foundation\jdk-8.0.302.8-hotspot\
PATH=C:/Program Files/Eclipse Foundation/jdk-8.0.302.8-hotspot/bin/../jre/bin/server;C:/Program Files/Eclipse Foundation/jdk-8.0.302.8-hotspot/bin/../jre/bin;C:/Program Files/Eclipse Foundation/jdk-8.0.302.8-hotspot/bin/../jre/lib/amd64;C:\Program Files\Eclipse Foundation\jdk-8.0.302.8-hotspot\bin;C:\Program Files (x86)\NVIDIA Corporation\PhysX\Common;C:\Program Files (x86)\Common Files\Oracle\Java\javapath;C:\WINDOWS\system32;C:\WINDOWS;C:\WINDOWS\System32\Wbem;C:\WINDOWS\System32\WindowsPowerShell\v1.0\;C:\WINDOWS\System32\OpenSSH\;C:\Program Files (x86)\ZeroTier\One\;C:\Program Files\VSCodium\bin;C:\Program Files\nodejs\;C:\Program Files\Git\cmd;C:\Users\Loki\AppData\Roaming\local\bin;C:\Users\Loki\AppData\Local\Programs\Python\Python38-32\Scripts\;C:\Users\Loki\AppData\Local\Programs\Python\Python38-32\;C:\Users\Loki\AppData\Local\Programs\Python\Launcher\;C:\Users\Loki\AppData\Local\Microsoft\WindowsApps;C:\Users\Loki\AppData\Roaming\npm;C:\Program Files (x86)\mingw64\bin;C:\Program Files\swipl\bin;C:\Users\Loki\Desktop\wollok-win32.win32.x86_64;
USERNAME=Loki
OS=Windows_NT
PROCESSOR_IDENTIFIER=AMD64 Family 23 Model 113 Stepping 0, AuthenticAMD



---------------  S Y S T E M  ---------------

OS: Windows 10.0 , 64 bit Build 19041 (10.0.19041.1202)

CPU:total 12 (initial active 12) (12 cores per cpu, 1 threads per core) family 23 model 113 stepping 0, cmov, cx8, fxsr, mmx, sse, sse2, sse3, ssse3, sse4.1, sse4.2, popcnt, avx, avx2, aes, clmul, mmxext, 3dnowpref, lzcnt, sse4a, tsc, tscinvbit, tscinv, bmi1

Memory: 4k page, physical 33504384k(27043888k free), swap 38485120k(28107036k free)

vm_info: OpenJDK 64-Bit Server VM (25.302-b08) for windows-amd64 JRE (1.8.0_302-b08), built on Jul 20 2021 21:31:03 by "jenkins" with MS VC++ 12.0 (VS2013)

time: Tue Oct 12 18:36:12 2021
timezone: Hora estándar de Argentina
elapsed time: 7.065877 seconds (0d 0h 0m 7s)

